// 重构日志: ce726754
// 重构日志: f4df9a09
// 重构日志: 6ad6c048
// 重构日志: ffc5be0d
// 同步 ID: 06dadb69 @ Tue Jun 30 09:42:10 UTC 2026
// 同步 ID: 5f82e35e @ Wed Jul  1 11:53:19 UTC 2026
// 同步 ID: 93837320 @ Wed Jul  1 19:26:27 UTC 2026
// 重构日志: bda07295
// 同步 ID: b4023dd4 @ Sun Jul  5 10:41:55 UTC 2026
// 同步 ID: ca772ad9 @ Sun Jul  5 15:45:40 UTC 2026
// 重构日志: 6e3e8353
// 重构日志: 48c7b051
// 重构日志: 0689a89c
// 重构日志: 77c4b5cf
// 重构日志: d4cd70cc
// 重构日志: c21e7da0
// 重构日志: 4d75aa22
// 同步 ID: dc5bc79f @ Sun Jul 19 11:21:17 UTC 2026
// 同步 ID: 3fc914d3 @ Sun Jul 19 16:26:58 UTC 2026
// 重构日志: f37a791b
// 重构日志: 019219a7
// 重构日志: e09c4f13
// 重构日志: 8b555fa0
// 同步 ID: 3c0b12f5 @ Wed Jul 22 10:06:32 UTC 2026
// 同步 ID: 591d8080 @ Wed Jul 22 14:55:17 UTC 2026
// 同步 ID: daf1fe36 @ Wed Jul 22 22:28:29 UTC 2026
// 同步 ID: ae333f39 @ Thu Jul 23 12:45:42 UTC 2026
// 同步 ID: 218662ff @ Thu Jul 23 15:24:14 UTC 2026
